2024-10-28T00:19:46.023-03:00  INFO 6588 --- [contable] [SpringApplicationShutdownHook] j.LocalContainerEntityManagerFactoryBean : Closing JPA EntityManagerFactory for persistence unit 'default'
2024-10-28T00:19:46.829-03:00  INFO 6588 --- [contable] [SpringApplicationShutdownHook] com.zaxxer.hikari.HikariDataSource       : HikariPool-1 - Shutdown initiated...
2024-10-28T00:19:46.963-03:00  INFO 6588 --- [contable] [SpringApplicationShutdownHook] com.zaxxer.hikari.HikariDataSource       : HikariPool-1 - Shutdown completed.
2024-10-28T00:20:18.862-03:00  INFO 11168 --- [contable] [main] com.sa.contable.ContableApplication      : Starting ContableApplication using Java 21.0.4 with PID 11168 (C:\Users\cuent\OneDrive\Documentos\GitHub\Sistema-Contable-SA\target\classes started by Rama in C:\Users\cuent\OneDrive\Documentos\GitHub\Sistema-Contable-SA)
2024-10-28T00:20:18.866-03:00 DEBUG 11168 --- [contable] [main] com.sa.contable.ContableApplication      : Running with Spring Boot v3.3.4, Spring v6.1.13
2024-10-28T00:20:18.868-03:00  INFO 11168 --- [contable] [main] com.sa.contable.ContableApplication      : No active profile set, falling back to 1 default profile: "default"
2024-10-28T00:20:20.954-03:00  INFO 11168 --- [contable] [main] .s.d.r.c.RepositoryConfigurationDelegate : Bootstrapping Spring Data JPA repositories in DEFAULT mode.
2024-10-28T00:20:21.722-03:00  INFO 11168 --- [contable] [main] .s.d.r.c.RepositoryConfigurationDelegate : Finished Spring Data repository scanning in 752 ms. Found 5 JPA repository interfaces.
2024-10-28T00:20:23.269-03:00  INFO 11168 --- [contable] [main] o.s.b.w.embedded.tomcat.TomcatWebServer  : Tomcat initialized with port 8080 (http)
2024-10-28T00:20:23.301-03:00  INFO 11168 --- [contable] [main] o.apache.catalina.core.StandardService   : Starting service [Tomcat]
2024-10-28T00:20:23.301-03:00  INFO 11168 --- [contable] [main] o.apache.catalina.core.StandardEngine    : Starting Servlet engine: [Apache Tomcat/10.1.30]
2024-10-28T00:20:23.527-03:00  INFO 11168 --- [contable] [main] o.a.c.c.C.[Tomcat].[localhost].[/]       : Initializing Spring embedded WebApplicationContext
2024-10-28T00:20:23.529-03:00  INFO 11168 --- [contable] [main] w.s.c.ServletWebServerApplicationContext : Root WebApplicationContext: initialization completed in 4563 ms
2024-10-28T00:20:23.886-03:00  INFO 11168 --- [contable] [main] com.sa.contable.configuracion.JwtUtil    : JwtUtil inicializado correctamente.
2024-10-28T00:20:23.987-03:00 DEBUG 11168 --- [contable] [main] c.s.c.c.JwtAuthenticationFilter          : Filter 'jwtAuthenticationFilter' configured for use
2024-10-28T00:20:24.412-03:00  INFO 11168 --- [contable] [main] o.hibernate.jpa.internal.util.LogHelper  : HHH000204: Processing PersistenceUnitInfo [name: default]
2024-10-28T00:20:24.659-03:00  INFO 11168 --- [contable] [main] org.hibernate.Version                    : HHH000412: Hibernate ORM core version 6.5.3.Final
2024-10-28T00:20:24.734-03:00  INFO 11168 --- [contable] [main] o.h.c.internal.RegionFactoryInitiator    : HHH000026: Second-level cache disabled
2024-10-28T00:20:26.172-03:00  INFO 11168 --- [contable] [main] o.s.o.j.p.SpringPersistenceUnitInfo      : No LoadTimeWeaver setup: ignoring JPA class transformer
2024-10-28T00:20:26.259-03:00  INFO 11168 --- [contable] [main] com.zaxxer.hikari.HikariDataSource       : HikariPool-1 - Starting...
2024-10-28T00:20:26.794-03:00  INFO 11168 --- [contable] [main] com.zaxxer.hikari.pool.HikariPool        : HikariPool-1 - Added connection org.postgresql.jdbc.PgConnection@c1a74d
2024-10-28T00:20:26.798-03:00  INFO 11168 --- [contable] [main] com.zaxxer.hikari.HikariDataSource       : HikariPool-1 - Start completed.
2024-10-28T00:20:29.494-03:00  INFO 11168 --- [contable] [main] o.h.e.t.j.p.i.JtaPlatformInitiator       : HHH000489: No JTA platform available (set 'hibernate.transaction.jta.platform' to enable JTA platform integration)
2024-10-28T00:20:30.025-03:00  INFO 11168 --- [contable] [main] j.LocalContainerEntityManagerFactoryBean : Initialized JPA EntityManagerFactory for persistence unit 'default'
2024-10-28T00:20:31.017-03:00  INFO 11168 --- [contable] [main] o.s.d.j.r.query.QueryEnhancerFactory     : Hibernate is in classpath; If applicable, HQL parser will be used.
2024-10-28T00:20:32.645-03:00  WARN 11168 --- [contable] [main] .s.s.UserDetailsServiceAutoConfiguration : 

Using generated security password: efdbaa3a-38bd-403f-9ae9-b57a82311f4f

This generated password is for development use only. Your security configuration must be updated before running your application in production.

2024-10-28T00:20:32.751-03:00  INFO 11168 --- [contable] [main] r$InitializeUserDetailsManagerConfigurer : Global AuthenticationManager configured with UserDetailsService bean with name inMemoryUserDetailsManager
2024-10-28T00:20:33.106-03:00  INFO 11168 --- [contable] [main] o.s.b.a.w.s.WelcomePageHandlerMapping    : Adding welcome page: ServletContext resource [/index.html]
2024-10-28T00:20:33.638-03:00  INFO 11168 --- [contable] [main] o.s.b.a.e.web.EndpointLinksResolver      : Exposing 1 endpoint beneath base path '/actuator'
2024-10-28T00:20:33.764-03:00 DEBUG 11168 --- [contable] [main] o.s.s.web.DefaultSecurityFilterChain     : Will secure any request with filters: DisableEncodeUrlFilter, WebAsyncManagerIntegrationFilter, SecurityContextHolderFilter, HeaderWriterFilter, CorsFilter, LogoutFilter, JwtAuthenticationFilter, RequestCacheAwareFilter, SecurityContextHolderAwareRequestFilter, AnonymousAuthenticationFilter, ExceptionTranslationFilter, AuthorizationFilter
2024-10-28T00:20:34.650-03:00  INFO 11168 --- [contable] [main] o.s.b.w.embedded.tomcat.TomcatWebServer  : Tomcat started on port 8080 (http) with context path '/'
2024-10-28T00:20:34.671-03:00  INFO 11168 --- [contable] [main] com.sa.contable.ContableApplication      : Started ContableApplication in 16.689 seconds (process running for 17.55)
2024-10-28T00:20:41.020-03:00  INFO 11168 --- [contable] [http-nio-8080-exec-1] o.a.c.c.C.[Tomcat].[localhost].[/]       : Initializing Spring DispatcherServlet 'dispatcherServlet'
2024-10-28T00:20:41.021-03:00  INFO 11168 --- [contable] [http-nio-8080-exec-1] o.s.web.servlet.DispatcherServlet        : Initializing Servlet 'dispatcherServlet'
2024-10-28T00:20:41.023-03:00  INFO 11168 --- [contable] [http-nio-8080-exec-1] o.s.web.servlet.DispatcherServlet        : Completed initialization in 2 ms
2024-10-28T00:20:41.078-03:00 DEBUG 11168 --- [contable] [http-nio-8080-exec-2] o.s.security.web.FilterChainProxy        : Securing OPTIONS /api/cuentas/recibeSaldo
2024-10-28T00:20:41.078-03:00 DEBUG 11168 --- [contable] [http-nio-8080-exec-1] o.s.security.web.FilterChainProxy        : Securing OPTIONS /api/cuentas/recibeSaldo
2024-10-28T00:20:41.143-03:00 DEBUG 11168 --- [contable] [http-nio-8080-exec-3] o.s.security.web.FilterChainProxy        : Securing GET /api/cuentas/recibeSaldo
2024-10-28T00:20:41.151-03:00 DEBUG 11168 --- [contable] [http-nio-8080-exec-3] com.sa.contable.configuracion.JwtUtil    : Obteniendo usuario del token.
2024-10-28T00:20:41.267-03:00  INFO 11168 --- [contable] [http-nio-8080-exec-3] com.sa.contable.configuracion.JwtUtil    : Usuario obtenido del token: admin
2024-10-28T00:20:41.268-03:00 DEBUG 11168 --- [contable] [http-nio-8080-exec-3] com.sa.contable.configuracion.JwtUtil    : Validando token.
2024-10-28T00:20:41.271-03:00  INFO 11168 --- [contable] [http-nio-8080-exec-3] com.sa.contable.configuracion.JwtUtil    : El token es válido.
2024-10-28T00:20:41.274-03:00 DEBUG 11168 --- [contable] [http-nio-8080-exec-3] com.sa.contable.configuracion.JwtUtil    : Obteniendo rol del token.
2024-10-28T00:20:41.277-03:00  INFO 11168 --- [contable] [http-nio-8080-exec-3] com.sa.contable.configuracion.JwtUtil    : Rol obtenido del token: ROLE_ADMINISTRADOR
2024-10-28T00:20:41.293-03:00 DEBUG 11168 --- [contable] [http-nio-8080-exec-3] o.s.security.web.FilterChainProxy        : Secured GET /api/cuentas/recibeSaldo
2024-10-28T00:20:41.324-03:00  INFO 11168 --- [contable] [http-nio-8080-exec-3] c.s.c.controladores.CuentaControlador    : Solicitud recibida para listar cuentas que reciben saldo.
2024-10-28T00:20:41.489-03:00 DEBUG 11168 --- [contable] [http-nio-8080-exec-6] o.s.security.web.FilterChainProxy        : Securing OPTIONS /api/asientos/listar?fechaInicio=&fechaFin=&page=0&size=5
2024-10-28T00:20:41.489-03:00 DEBUG 11168 --- [contable] [http-nio-8080-exec-5] o.s.security.web.FilterChainProxy        : Securing OPTIONS /api/asientos/listar?fechaInicio=&fechaFin=&page=0&size=5
2024-10-28T00:20:41.491-03:00 DEBUG 11168 --- [contable] [http-nio-8080-exec-7] o.s.security.web.FilterChainProxy        : Securing OPTIONS /api/asientos/listar?fechaInicio=2024-09-28&fechaFin=2024-10-28&page=0&size=5
2024-10-28T00:20:41.511-03:00 DEBUG 11168 --- [contable] [http-nio-8080-exec-9] o.s.security.web.FilterChainProxy        : Securing GET /api/asientos/listar?fechaInicio=2024-09-28&fechaFin=2024-10-28&page=0&size=5
2024-10-28T00:20:41.512-03:00 DEBUG 11168 --- [contable] [http-nio-8080-exec-8] o.s.security.web.FilterChainProxy        : Securing GET /api/asientos/listar?fechaInicio=&fechaFin=&page=0&size=5
2024-10-28T00:20:41.520-03:00 DEBUG 11168 --- [contable] [http-nio-8080-exec-8] com.sa.contable.configuracion.JwtUtil    : Obteniendo usuario del token.
2024-10-28T00:20:41.521-03:00 DEBUG 11168 --- [contable] [http-nio-8080-exec-9] com.sa.contable.configuracion.JwtUtil    : Obteniendo usuario del token.
2024-10-28T00:20:41.893-03:00  INFO 11168 --- [contable] [http-nio-8080-exec-9] com.sa.contable.configuracion.JwtUtil    : Usuario obtenido del token: admin
2024-10-28T00:20:41.893-03:00  INFO 11168 --- [contable] [http-nio-8080-exec-8] com.sa.contable.configuracion.JwtUtil    : Usuario obtenido del token: admin
2024-10-28T00:20:41.894-03:00 DEBUG 11168 --- [contable] [http-nio-8080-exec-8] com.sa.contable.configuracion.JwtUtil    : Validando token.
2024-10-28T00:20:41.894-03:00 DEBUG 11168 --- [contable] [http-nio-8080-exec-9] com.sa.contable.configuracion.JwtUtil    : Validando token.
2024-10-28T00:20:41.898-03:00  INFO 11168 --- [contable] [http-nio-8080-exec-8] com.sa.contable.configuracion.JwtUtil    : El token es válido.
2024-10-28T00:20:41.898-03:00  INFO 11168 --- [contable] [http-nio-8080-exec-9] com.sa.contable.configuracion.JwtUtil    : El token es válido.
2024-10-28T00:20:41.899-03:00 DEBUG 11168 --- [contable] [http-nio-8080-exec-8] com.sa.contable.configuracion.JwtUtil    : Obteniendo rol del token.
2024-10-28T00:20:41.899-03:00 DEBUG 11168 --- [contable] [http-nio-8080-exec-9] com.sa.contable.configuracion.JwtUtil    : Obteniendo rol del token.
2024-10-28T00:20:41.901-03:00  INFO 11168 --- [contable] [http-nio-8080-exec-8] com.sa.contable.configuracion.JwtUtil    : Rol obtenido del token: ROLE_ADMINISTRADOR
2024-10-28T00:20:41.901-03:00  INFO 11168 --- [contable] [http-nio-8080-exec-9] com.sa.contable.configuracion.JwtUtil    : Rol obtenido del token: ROLE_ADMINISTRADOR
2024-10-28T00:20:41.909-03:00 DEBUG 11168 --- [contable] [http-nio-8080-exec-8] o.s.security.web.FilterChainProxy        : Secured GET /api/asientos/listar?fechaInicio=&fechaFin=&page=0&size=5
2024-10-28T00:20:41.909-03:00 DEBUG 11168 --- [contable] [http-nio-8080-exec-9] o.s.security.web.FilterChainProxy        : Secured GET /api/asientos/listar?fechaInicio=2024-09-28&fechaFin=2024-10-28&page=0&size=5
2024-10-28T00:20:42.139-03:00  INFO 11168 --- [contable] [http-nio-8080-exec-3] c.s.c.controladores.CuentaControlador    : Devolviendo 3 cuentas que reciben saldo.
2024-10-28T00:20:42.227-03:00 DEBUG 11168 --- [contable] [http-nio-8080-exec-1] o.s.security.web.FilterChainProxy        : Securing GET /api/cuentas/recibeSaldo
2024-10-28T00:20:42.227-03:00 DEBUG 11168 --- [contable] [http-nio-8080-exec-10] o.s.security.web.FilterChainProxy        : Securing GET /api/asientos/listar?fechaInicio=&fechaFin=&page=0&size=5
2024-10-28T00:20:42.246-03:00 DEBUG 11168 --- [contable] [http-nio-8080-exec-1] com.sa.contable.configuracion.JwtUtil    : Obteniendo usuario del token.
2024-10-28T00:20:42.247-03:00 DEBUG 11168 --- [contable] [http-nio-8080-exec-10] com.sa.contable.configuracion.JwtUtil    : Obteniendo usuario del token.
2024-10-28T00:20:42.249-03:00  INFO 11168 --- [contable] [http-nio-8080-exec-1] com.sa.contable.configuracion.JwtUtil    : Usuario obtenido del token: admin
2024-10-28T00:20:42.258-03:00 DEBUG 11168 --- [contable] [http-nio-8080-exec-1] com.sa.contable.configuracion.JwtUtil    : Validando token.
2024-10-28T00:20:42.262-03:00  INFO 11168 --- [contable] [http-nio-8080-exec-10] com.sa.contable.configuracion.JwtUtil    : Usuario obtenido del token: admin
2024-10-28T00:20:42.264-03:00  INFO 11168 --- [contable] [http-nio-8080-exec-1] com.sa.contable.configuracion.JwtUtil    : El token es válido.
2024-10-28T00:20:42.266-03:00 DEBUG 11168 --- [contable] [http-nio-8080-exec-10] com.sa.contable.configuracion.JwtUtil    : Validando token.
2024-10-28T00:20:42.268-03:00 DEBUG 11168 --- [contable] [http-nio-8080-exec-1] com.sa.contable.configuracion.JwtUtil    : Obteniendo rol del token.
2024-10-28T00:20:42.271-03:00  INFO 11168 --- [contable] [http-nio-8080-exec-10] com.sa.contable.configuracion.JwtUtil    : El token es válido.
2024-10-28T00:20:42.272-03:00 DEBUG 11168 --- [contable] [http-nio-8080-exec-10] com.sa.contable.configuracion.JwtUtil    : Obteniendo rol del token.
2024-10-28T00:20:42.273-03:00  INFO 11168 --- [contable] [http-nio-8080-exec-1] com.sa.contable.configuracion.JwtUtil    : Rol obtenido del token: ROLE_ADMINISTRADOR
2024-10-28T00:20:42.281-03:00 DEBUG 11168 --- [contable] [http-nio-8080-exec-1] o.s.security.web.FilterChainProxy        : Secured GET /api/cuentas/recibeSaldo
2024-10-28T00:20:42.282-03:00  INFO 11168 --- [contable] [http-nio-8080-exec-10] com.sa.contable.configuracion.JwtUtil    : Rol obtenido del token: ROLE_ADMINISTRADOR
2024-10-28T00:20:42.283-03:00  INFO 11168 --- [contable] [http-nio-8080-exec-1] c.s.c.controladores.CuentaControlador    : Solicitud recibida para listar cuentas que reciben saldo.
2024-10-28T00:20:42.284-03:00 DEBUG 11168 --- [contable] [http-nio-8080-exec-10] o.s.security.web.FilterChainProxy        : Secured GET /api/asientos/listar?fechaInicio=&fechaFin=&page=0&size=5
2024-10-28T00:20:42.353-03:00  INFO 11168 --- [contable] [http-nio-8080-exec-1] c.s.c.controladores.CuentaControlador    : Devolviendo 3 cuentas que reciben saldo.
2024-10-28T00:32:56.528-03:00 DEBUG 11168 --- [contable] [http-nio-8080-exec-8] o.s.security.web.FilterChainProxy        : Securing OPTIONS /api/asientos/listar?fechaInicio=2024-09-28&fechaFin=2024-10-28&page=0&size=5
2024-10-28T00:32:56.534-03:00 DEBUG 11168 --- [contable] [http-nio-8080-exec-3] o.s.security.web.FilterChainProxy        : Securing GET /api/asientos/listar?fechaInicio=2024-09-28&fechaFin=2024-10-28&page=0&size=5
2024-10-28T00:32:56.535-03:00 DEBUG 11168 --- [contable] [http-nio-8080-exec-3] com.sa.contable.configuracion.JwtUtil    : Obteniendo usuario del token.
2024-10-28T00:32:56.538-03:00  INFO 11168 --- [contable] [http-nio-8080-exec-3] com.sa.contable.configuracion.JwtUtil    : Usuario obtenido del token: admin
2024-10-28T00:32:56.539-03:00 DEBUG 11168 --- [contable] [http-nio-8080-exec-3] com.sa.contable.configuracion.JwtUtil    : Validando token.
2024-10-28T00:32:56.540-03:00  INFO 11168 --- [contable] [http-nio-8080-exec-3] com.sa.contable.configuracion.JwtUtil    : El token es válido.
2024-10-28T00:32:56.541-03:00 DEBUG 11168 --- [contable] [http-nio-8080-exec-3] com.sa.contable.configuracion.JwtUtil    : Obteniendo rol del token.
2024-10-28T00:32:56.543-03:00  INFO 11168 --- [contable] [http-nio-8080-exec-3] com.sa.contable.configuracion.JwtUtil    : Rol obtenido del token: ROLE_ADMINISTRADOR
2024-10-28T00:32:56.544-03:00 DEBUG 11168 --- [contable] [http-nio-8080-exec-3] o.s.security.web.FilterChainProxy        : Secured GET /api/asientos/listar?fechaInicio=2024-09-28&fechaFin=2024-10-28&page=0&size=5
2024-10-28T00:32:57.927-03:00 DEBUG 11168 --- [contable] [http-nio-8080-exec-9] o.s.security.web.FilterChainProxy        : Securing OPTIONS /api/cuentas/recibeSaldo
2024-10-28T00:32:57.930-03:00 DEBUG 11168 --- [contable] [http-nio-8080-exec-1] o.s.security.web.FilterChainProxy        : Securing OPTIONS /api/cuentas/recibeSaldo
2024-10-28T00:32:57.941-03:00 DEBUG 11168 --- [contable] [http-nio-8080-exec-10] o.s.security.web.FilterChainProxy        : Securing GET /api/cuentas/recibeSaldo
2024-10-28T00:32:57.942-03:00 DEBUG 11168 --- [contable] [http-nio-8080-exec-10] com.sa.contable.configuracion.JwtUtil    : Obteniendo usuario del token.
2024-10-28T00:32:57.944-03:00  INFO 11168 --- [contable] [http-nio-8080-exec-10] com.sa.contable.configuracion.JwtUtil    : Usuario obtenido del token: admin
2024-10-28T00:32:57.945-03:00 DEBUG 11168 --- [contable] [http-nio-8080-exec-10] com.sa.contable.configuracion.JwtUtil    : Validando token.
2024-10-28T00:32:57.947-03:00  INFO 11168 --- [contable] [http-nio-8080-exec-10] com.sa.contable.configuracion.JwtUtil    : El token es válido.
2024-10-28T00:32:57.947-03:00 DEBUG 11168 --- [contable] [http-nio-8080-exec-10] com.sa.contable.configuracion.JwtUtil    : Obteniendo rol del token.
2024-10-28T00:32:57.950-03:00  INFO 11168 --- [contable] [http-nio-8080-exec-10] com.sa.contable.configuracion.JwtUtil    : Rol obtenido del token: ROLE_ADMINISTRADOR
2024-10-28T00:32:57.951-03:00 DEBUG 11168 --- [contable] [http-nio-8080-exec-10] o.s.security.web.FilterChainProxy        : Secured GET /api/cuentas/recibeSaldo
2024-10-28T00:32:57.952-03:00  INFO 11168 --- [contable] [http-nio-8080-exec-10] c.s.c.controladores.CuentaControlador    : Solicitud recibida para listar cuentas que reciben saldo.
2024-10-28T00:32:57.999-03:00  INFO 11168 --- [contable] [http-nio-8080-exec-10] c.s.c.controladores.CuentaControlador    : Devolviendo 3 cuentas que reciben saldo.
2024-10-28T00:32:58.003-03:00 DEBUG 11168 --- [contable] [http-nio-8080-exec-4] o.s.security.web.FilterChainProxy        : Securing GET /api/cuentas/recibeSaldo
2024-10-28T00:32:58.006-03:00 DEBUG 11168 --- [contable] [http-nio-8080-exec-4] com.sa.contable.configuracion.JwtUtil    : Obteniendo usuario del token.
2024-10-28T00:32:58.008-03:00  INFO 11168 --- [contable] [http-nio-8080-exec-4] com.sa.contable.configuracion.JwtUtil    : Usuario obtenido del token: admin
2024-10-28T00:32:58.009-03:00 DEBUG 11168 --- [contable] [http-nio-8080-exec-4] com.sa.contable.configuracion.JwtUtil    : Validando token.
2024-10-28T00:32:58.011-03:00  INFO 11168 --- [contable] [http-nio-8080-exec-4] com.sa.contable.configuracion.JwtUtil    : El token es válido.
2024-10-28T00:32:58.012-03:00 DEBUG 11168 --- [contable] [http-nio-8080-exec-4] com.sa.contable.configuracion.JwtUtil    : Obteniendo rol del token.
2024-10-28T00:32:58.019-03:00  INFO 11168 --- [contable] [http-nio-8080-exec-4] com.sa.contable.configuracion.JwtUtil    : Rol obtenido del token: ROLE_ADMINISTRADOR
2024-10-28T00:32:58.020-03:00 DEBUG 11168 --- [contable] [http-nio-8080-exec-4] o.s.security.web.FilterChainProxy        : Secured GET /api/cuentas/recibeSaldo
2024-10-28T00:32:58.021-03:00  INFO 11168 --- [contable] [http-nio-8080-exec-4] c.s.c.controladores.CuentaControlador    : Solicitud recibida para listar cuentas que reciben saldo.
2024-10-28T00:32:58.059-03:00  INFO 11168 --- [contable] [http-nio-8080-exec-4] c.s.c.controladores.CuentaControlador    : Devolviendo 3 cuentas que reciben saldo.
2024-10-28T00:32:58.206-03:00 DEBUG 11168 --- [contable] [http-nio-8080-exec-5] o.s.security.web.FilterChainProxy        : Securing OPTIONS /api/asientos/listar?fechaInicio=&fechaFin=&page=0&size=5
2024-10-28T00:32:58.206-03:00 DEBUG 11168 --- [contable] [http-nio-8080-exec-2] o.s.security.web.FilterChainProxy        : Securing GET /api/asientos/listar?fechaInicio=2024-09-28&fechaFin=2024-10-28&page=0&size=5
2024-10-28T00:32:58.207-03:00 DEBUG 11168 --- [contable] [http-nio-8080-exec-7] o.s.security.web.FilterChainProxy        : Securing OPTIONS /api/asientos/listar?fechaInicio=&fechaFin=&page=0&size=5
2024-10-28T00:32:58.208-03:00 DEBUG 11168 --- [contable] [http-nio-8080-exec-2] com.sa.contable.configuracion.JwtUtil    : Obteniendo usuario del token.
2024-10-28T00:32:58.211-03:00  INFO 11168 --- [contable] [http-nio-8080-exec-2] com.sa.contable.configuracion.JwtUtil    : Usuario obtenido del token: admin
2024-10-28T00:32:58.212-03:00 DEBUG 11168 --- [contable] [http-nio-8080-exec-2] com.sa.contable.configuracion.JwtUtil    : Validando token.
2024-10-28T00:32:58.214-03:00  INFO 11168 --- [contable] [http-nio-8080-exec-2] com.sa.contable.configuracion.JwtUtil    : El token es válido.
2024-10-28T00:32:58.215-03:00 DEBUG 11168 --- [contable] [http-nio-8080-exec-6] o.s.security.web.FilterChainProxy        : Securing GET /api/asientos/listar?fechaInicio=&fechaFin=&page=0&size=5
2024-10-28T00:32:58.215-03:00 DEBUG 11168 --- [contable] [http-nio-8080-exec-2] com.sa.contable.configuracion.JwtUtil    : Obteniendo rol del token.
2024-10-28T00:32:58.216-03:00 DEBUG 11168 --- [contable] [http-nio-8080-exec-6] com.sa.contable.configuracion.JwtUtil    : Obteniendo usuario del token.
2024-10-28T00:32:58.218-03:00  INFO 11168 --- [contable] [http-nio-8080-exec-2] com.sa.contable.configuracion.JwtUtil    : Rol obtenido del token: ROLE_ADMINISTRADOR
2024-10-28T00:32:58.219-03:00  INFO 11168 --- [contable] [http-nio-8080-exec-6] com.sa.contable.configuracion.JwtUtil    : Usuario obtenido del token: admin
2024-10-28T00:32:58.219-03:00 DEBUG 11168 --- [contable] [http-nio-8080-exec-6] com.sa.contable.configuracion.JwtUtil    : Validando token.
2024-10-28T00:32:58.220-03:00 DEBUG 11168 --- [contable] [http-nio-8080-exec-2] o.s.security.web.FilterChainProxy        : Secured GET /api/asientos/listar?fechaInicio=2024-09-28&fechaFin=2024-10-28&page=0&size=5
2024-10-28T00:32:58.222-03:00  INFO 11168 --- [contable] [http-nio-8080-exec-6] com.sa.contable.configuracion.JwtUtil    : El token es válido.
2024-10-28T00:32:58.223-03:00 DEBUG 11168 --- [contable] [http-nio-8080-exec-6] com.sa.contable.configuracion.JwtUtil    : Obteniendo rol del token.
2024-10-28T00:32:58.225-03:00  INFO 11168 --- [contable] [http-nio-8080-exec-6] com.sa.contable.configuracion.JwtUtil    : Rol obtenido del token: ROLE_ADMINISTRADOR
2024-10-28T00:32:58.226-03:00 DEBUG 11168 --- [contable] [http-nio-8080-exec-6] o.s.security.web.FilterChainProxy        : Secured GET /api/asientos/listar?fechaInicio=&fechaFin=&page=0&size=5
2024-10-28T00:32:58.274-03:00 DEBUG 11168 --- [contable] [http-nio-8080-exec-8] o.s.security.web.FilterChainProxy        : Securing GET /api/asientos/listar?fechaInicio=&fechaFin=&page=0&size=5
2024-10-28T00:32:58.276-03:00 DEBUG 11168 --- [contable] [http-nio-8080-exec-8] com.sa.contable.configuracion.JwtUtil    : Obteniendo usuario del token.
2024-10-28T00:32:58.278-03:00  INFO 11168 --- [contable] [http-nio-8080-exec-8] com.sa.contable.configuracion.JwtUtil    : Usuario obtenido del token: admin
2024-10-28T00:32:58.279-03:00 DEBUG 11168 --- [contable] [http-nio-8080-exec-8] com.sa.contable.configuracion.JwtUtil    : Validando token.
2024-10-28T00:32:58.281-03:00  INFO 11168 --- [contable] [http-nio-8080-exec-8] com.sa.contable.configuracion.JwtUtil    : El token es válido.
2024-10-28T00:32:58.282-03:00 DEBUG 11168 --- [contable] [http-nio-8080-exec-8] com.sa.contable.configuracion.JwtUtil    : Obteniendo rol del token.
2024-10-28T00:32:58.285-03:00  INFO 11168 --- [contable] [http-nio-8080-exec-8] com.sa.contable.configuracion.JwtUtil    : Rol obtenido del token: ROLE_ADMINISTRADOR
2024-10-28T00:32:58.286-03:00 DEBUG 11168 --- [contable] [http-nio-8080-exec-8] o.s.security.web.FilterChainProxy        : Secured GET /api/asientos/listar?fechaInicio=&fechaFin=&page=0&size=5
2024-10-28T00:34:45.845-03:00 DEBUG 11168 --- [contable] [http-nio-8080-exec-10] o.s.security.web.FilterChainProxy        : Securing OPTIONS /api/asientos/listar?fechaInicio=2024-09-28&fechaFin=2024-10-28&page=0&size=5
2024-10-28T00:34:45.852-03:00 DEBUG 11168 --- [contable] [http-nio-8080-exec-4] o.s.security.web.FilterChainProxy        : Securing GET /api/asientos/listar?fechaInicio=2024-09-28&fechaFin=2024-10-28&page=0&size=5
2024-10-28T00:34:45.853-03:00 DEBUG 11168 --- [contable] [http-nio-8080-exec-4] com.sa.contable.configuracion.JwtUtil    : Obteniendo usuario del token.
2024-10-28T00:34:45.855-03:00  INFO 11168 --- [contable] [http-nio-8080-exec-4] com.sa.contable.configuracion.JwtUtil    : Usuario obtenido del token: admin
2024-10-28T00:34:45.856-03:00 DEBUG 11168 --- [contable] [http-nio-8080-exec-4] com.sa.contable.configuracion.JwtUtil    : Validando token.
2024-10-28T00:34:45.859-03:00  INFO 11168 --- [contable] [http-nio-8080-exec-4] com.sa.contable.configuracion.JwtUtil    : El token es válido.
2024-10-28T00:34:45.859-03:00 DEBUG 11168 --- [contable] [http-nio-8080-exec-4] com.sa.contable.configuracion.JwtUtil    : Obteniendo rol del token.
2024-10-28T00:34:45.861-03:00  INFO 11168 --- [contable] [http-nio-8080-exec-4] com.sa.contable.configuracion.JwtUtil    : Rol obtenido del token: ROLE_ADMINISTRADOR
2024-10-28T00:34:45.862-03:00 DEBUG 11168 --- [contable] [http-nio-8080-exec-4] o.s.security.web.FilterChainProxy        : Secured GET /api/asientos/listar?fechaInicio=2024-09-28&fechaFin=2024-10-28&page=0&size=5
2024-10-28T00:34:47.382-03:00 DEBUG 11168 --- [contable] [http-nio-8080-exec-5] o.s.security.web.FilterChainProxy        : Securing OPTIONS /api/cuentas/recibeSaldo
2024-10-28T00:34:47.383-03:00 DEBUG 11168 --- [contable] [http-nio-8080-exec-7] o.s.security.web.FilterChainProxy        : Securing OPTIONS /api/cuentas/recibeSaldo
2024-10-28T00:34:47.395-03:00 DEBUG 11168 --- [contable] [http-nio-8080-exec-2] o.s.security.web.FilterChainProxy        : Securing GET /api/cuentas/recibeSaldo
2024-10-28T00:34:47.397-03:00 DEBUG 11168 --- [contable] [http-nio-8080-exec-2] com.sa.contable.configuracion.JwtUtil    : Obteniendo usuario del token.
2024-10-28T00:34:47.399-03:00  INFO 11168 --- [contable] [http-nio-8080-exec-2] com.sa.contable.configuracion.JwtUtil    : Usuario obtenido del token: admin
2024-10-28T00:34:47.399-03:00 DEBUG 11168 --- [contable] [http-nio-8080-exec-2] com.sa.contable.configuracion.JwtUtil    : Validando token.
2024-10-28T00:34:47.402-03:00  INFO 11168 --- [contable] [http-nio-8080-exec-2] com.sa.contable.configuracion.JwtUtil    : El token es válido.
2024-10-28T00:34:47.402-03:00 DEBUG 11168 --- [contable] [http-nio-8080-exec-2] com.sa.contable.configuracion.JwtUtil    : Obteniendo rol del token.
2024-10-28T00:34:47.405-03:00  INFO 11168 --- [contable] [http-nio-8080-exec-2] com.sa.contable.configuracion.JwtUtil    : Rol obtenido del token: ROLE_ADMINISTRADOR
2024-10-28T00:34:47.406-03:00 DEBUG 11168 --- [contable] [http-nio-8080-exec-2] o.s.security.web.FilterChainProxy        : Secured GET /api/cuentas/recibeSaldo
2024-10-28T00:34:47.407-03:00  INFO 11168 --- [contable] [http-nio-8080-exec-2] c.s.c.controladores.CuentaControlador    : Solicitud recibida para listar cuentas que reciben saldo.
2024-10-28T00:34:47.463-03:00  INFO 11168 --- [contable] [http-nio-8080-exec-2] c.s.c.controladores.CuentaControlador    : Devolviendo 3 cuentas que reciben saldo.
2024-10-28T00:34:47.468-03:00 DEBUG 11168 --- [contable] [http-nio-8080-exec-6] o.s.security.web.FilterChainProxy        : Securing GET /api/cuentas/recibeSaldo
2024-10-28T00:34:47.469-03:00 DEBUG 11168 --- [contable] [http-nio-8080-exec-6] com.sa.contable.configuracion.JwtUtil    : Obteniendo usuario del token.
2024-10-28T00:34:47.469-03:00  INFO 11168 --- [contable] [http-nio-8080-exec-6] com.sa.contable.configuracion.JwtUtil    : Usuario obtenido del token: admin
2024-10-28T00:34:47.469-03:00 DEBUG 11168 --- [contable] [http-nio-8080-exec-6] com.sa.contable.configuracion.JwtUtil    : Validando token.
2024-10-28T00:34:47.478-03:00  INFO 11168 --- [contable] [http-nio-8080-exec-6] com.sa.contable.configuracion.JwtUtil    : El token es válido.
2024-10-28T00:34:47.479-03:00 DEBUG 11168 --- [contable] [http-nio-8080-exec-6] com.sa.contable.configuracion.JwtUtil    : Obteniendo rol del token.
2024-10-28T00:34:47.483-03:00  INFO 11168 --- [contable] [http-nio-8080-exec-6] com.sa.contable.configuracion.JwtUtil    : Rol obtenido del token: ROLE_ADMINISTRADOR
2024-10-28T00:34:47.486-03:00 DEBUG 11168 --- [contable] [http-nio-8080-exec-6] o.s.security.web.FilterChainProxy        : Secured GET /api/cuentas/recibeSaldo
2024-10-28T00:34:47.487-03:00  INFO 11168 --- [contable] [http-nio-8080-exec-6] c.s.c.controladores.CuentaControlador    : Solicitud recibida para listar cuentas que reciben saldo.
2024-10-28T00:34:47.530-03:00  INFO 11168 --- [contable] [http-nio-8080-exec-6] c.s.c.controladores.CuentaControlador    : Devolviendo 3 cuentas que reciben saldo.
2024-10-28T00:34:47.777-03:00 DEBUG 11168 --- [contable] [http-nio-8080-exec-9] o.s.security.web.FilterChainProxy        : Securing OPTIONS /api/asientos/listar?fechaInicio=&fechaFin=&page=0&size=5
2024-10-28T00:34:47.777-03:00 DEBUG 11168 --- [contable] [http-nio-8080-exec-8] o.s.security.web.FilterChainProxy        : Securing GET /api/asientos/listar?fechaInicio=2024-09-28&fechaFin=2024-10-28&page=0&size=5
2024-10-28T00:34:47.779-03:00 DEBUG 11168 --- [contable] [http-nio-8080-exec-3] o.s.security.web.FilterChainProxy        : Securing OPTIONS /api/asientos/listar?fechaInicio=&fechaFin=&page=0&size=5
2024-10-28T00:34:47.779-03:00 DEBUG 11168 --- [contable] [http-nio-8080-exec-8] com.sa.contable.configuracion.JwtUtil    : Obteniendo usuario del token.
2024-10-28T00:34:47.783-03:00  INFO 11168 --- [contable] [http-nio-8080-exec-8] com.sa.contable.configuracion.JwtUtil    : Usuario obtenido del token: admin
2024-10-28T00:34:47.785-03:00 DEBUG 11168 --- [contable] [http-nio-8080-exec-8] com.sa.contable.configuracion.JwtUtil    : Validando token.
2024-10-28T00:34:47.789-03:00  INFO 11168 --- [contable] [http-nio-8080-exec-8] com.sa.contable.configuracion.JwtUtil    : El token es válido.
2024-10-28T00:34:47.790-03:00 DEBUG 11168 --- [contable] [http-nio-8080-exec-1] o.s.security.web.FilterChainProxy        : Securing GET /api/asientos/listar?fechaInicio=&fechaFin=&page=0&size=5
2024-10-28T00:34:47.791-03:00 DEBUG 11168 --- [contable] [http-nio-8080-exec-8] com.sa.contable.configuracion.JwtUtil    : Obteniendo rol del token.
2024-10-28T00:34:47.792-03:00 DEBUG 11168 --- [contable] [http-nio-8080-exec-1] com.sa.contable.configuracion.JwtUtil    : Obteniendo usuario del token.
2024-10-28T00:34:47.793-03:00  INFO 11168 --- [contable] [http-nio-8080-exec-8] com.sa.contable.configuracion.JwtUtil    : Rol obtenido del token: ROLE_ADMINISTRADOR
2024-10-28T00:34:47.794-03:00 DEBUG 11168 --- [contable] [http-nio-8080-exec-8] o.s.security.web.FilterChainProxy        : Secured GET /api/asientos/listar?fechaInicio=2024-09-28&fechaFin=2024-10-28&page=0&size=5
2024-10-28T00:34:47.794-03:00  INFO 11168 --- [contable] [http-nio-8080-exec-1] com.sa.contable.configuracion.JwtUtil    : Usuario obtenido del token: admin
2024-10-28T00:34:47.796-03:00 DEBUG 11168 --- [contable] [http-nio-8080-exec-1] com.sa.contable.configuracion.JwtUtil    : Validando token.
2024-10-28T00:34:47.798-03:00  INFO 11168 --- [contable] [http-nio-8080-exec-1] com.sa.contable.configuracion.JwtUtil    : El token es válido.
2024-10-28T00:34:47.799-03:00 DEBUG 11168 --- [contable] [http-nio-8080-exec-1] com.sa.contable.configuracion.JwtUtil    : Obteniendo rol del token.
2024-10-28T00:34:47.802-03:00  INFO 11168 --- [contable] [http-nio-8080-exec-1] com.sa.contable.configuracion.JwtUtil    : Rol obtenido del token: ROLE_ADMINISTRADOR
2024-10-28T00:34:47.804-03:00 DEBUG 11168 --- [contable] [http-nio-8080-exec-1] o.s.security.web.FilterChainProxy        : Secured GET /api/asientos/listar?fechaInicio=&fechaFin=&page=0&size=5
2024-10-28T00:34:47.857-03:00 DEBUG 11168 --- [contable] [http-nio-8080-exec-10] o.s.security.web.FilterChainProxy        : Securing GET /api/asientos/listar?fechaInicio=&fechaFin=&page=0&size=5
2024-10-28T00:34:47.859-03:00 DEBUG 11168 --- [contable] [http-nio-8080-exec-10] com.sa.contable.configuracion.JwtUtil    : Obteniendo usuario del token.
2024-10-28T00:34:47.861-03:00  INFO 11168 --- [contable] [http-nio-8080-exec-10] com.sa.contable.configuracion.JwtUtil    : Usuario obtenido del token: admin
2024-10-28T00:34:47.862-03:00 DEBUG 11168 --- [contable] [http-nio-8080-exec-10] com.sa.contable.configuracion.JwtUtil    : Validando token.
2024-10-28T00:34:47.862-03:00  INFO 11168 --- [contable] [http-nio-8080-exec-10] com.sa.contable.configuracion.JwtUtil    : El token es válido.
2024-10-28T00:34:47.862-03:00 DEBUG 11168 --- [contable] [http-nio-8080-exec-10] com.sa.contable.configuracion.JwtUtil    : Obteniendo rol del token.
2024-10-28T00:34:47.862-03:00  INFO 11168 --- [contable] [http-nio-8080-exec-10] com.sa.contable.configuracion.JwtUtil    : Rol obtenido del token: ROLE_ADMINISTRADOR
2024-10-28T00:34:47.869-03:00 DEBUG 11168 --- [contable] [http-nio-8080-exec-10] o.s.security.web.FilterChainProxy        : Secured GET /api/asientos/listar?fechaInicio=&fechaFin=&page=0&size=5
2024-10-28T00:39:13.925-03:00 DEBUG 11168 --- [contable] [http-nio-8080-exec-2] o.s.security.web.FilterChainProxy        : Securing OPTIONS /api/asientos/listar?fechaInicio=2024-09-28&fechaFin=2024-10-28&page=0&size=5
2024-10-28T00:39:14.371-03:00 DEBUG 11168 --- [contable] [http-nio-8080-exec-6] o.s.security.web.FilterChainProxy        : Securing GET /api/asientos/listar?fechaInicio=2024-09-28&fechaFin=2024-10-28&page=0&size=5
2024-10-28T00:39:14.372-03:00 DEBUG 11168 --- [contable] [http-nio-8080-exec-6] com.sa.contable.configuracion.JwtUtil    : Obteniendo usuario del token.
2024-10-28T00:39:14.374-03:00  INFO 11168 --- [contable] [http-nio-8080-exec-6] com.sa.contable.configuracion.JwtUtil    : Usuario obtenido del token: admin
2024-10-28T00:39:14.374-03:00 DEBUG 11168 --- [contable] [http-nio-8080-exec-6] com.sa.contable.configuracion.JwtUtil    : Validando token.
2024-10-28T00:39:14.376-03:00  INFO 11168 --- [contable] [http-nio-8080-exec-6] com.sa.contable.configuracion.JwtUtil    : El token es válido.
2024-10-28T00:39:14.376-03:00 DEBUG 11168 --- [contable] [http-nio-8080-exec-6] com.sa.contable.configuracion.JwtUtil    : Obteniendo rol del token.
2024-10-28T00:39:14.377-03:00  INFO 11168 --- [contable] [http-nio-8080-exec-6] com.sa.contable.configuracion.JwtUtil    : Rol obtenido del token: ROLE_ADMINISTRADOR
2024-10-28T00:39:14.378-03:00 DEBUG 11168 --- [contable] [http-nio-8080-exec-6] o.s.security.web.FilterChainProxy        : Secured GET /api/asientos/listar?fechaInicio=2024-09-28&fechaFin=2024-10-28&page=0&size=5
2024-10-28T00:39:15.722-03:00 DEBUG 11168 --- [contable] [http-nio-8080-exec-9] o.s.security.web.FilterChainProxy        : Securing OPTIONS /api/cuentas/recibeSaldo
2024-10-28T00:39:15.722-03:00 DEBUG 11168 --- [contable] [http-nio-8080-exec-3] o.s.security.web.FilterChainProxy        : Securing OPTIONS /api/cuentas/recibeSaldo
2024-10-28T00:39:15.749-03:00 DEBUG 11168 --- [contable] [http-nio-8080-exec-8] o.s.security.web.FilterChainProxy        : Securing GET /api/cuentas/recibeSaldo
2024-10-28T00:39:15.753-03:00 DEBUG 11168 --- [contable] [http-nio-8080-exec-8] com.sa.contable.configuracion.JwtUtil    : Obteniendo usuario del token.
2024-10-28T00:39:15.759-03:00  INFO 11168 --- [contable] [http-nio-8080-exec-8] com.sa.contable.configuracion.JwtUtil    : Usuario obtenido del token: admin
2024-10-28T00:39:15.762-03:00 DEBUG 11168 --- [contable] [http-nio-8080-exec-8] com.sa.contable.configuracion.JwtUtil    : Validando token.
2024-10-28T00:39:15.766-03:00  INFO 11168 --- [contable] [http-nio-8080-exec-8] com.sa.contable.configuracion.JwtUtil    : El token es válido.
2024-10-28T00:39:15.774-03:00 DEBUG 11168 --- [contable] [http-nio-8080-exec-8] com.sa.contable.configuracion.JwtUtil    : Obteniendo rol del token.
2024-10-28T00:39:15.788-03:00  INFO 11168 --- [contable] [http-nio-8080-exec-8] com.sa.contable.configuracion.JwtUtil    : Rol obtenido del token: ROLE_ADMINISTRADOR
2024-10-28T00:39:15.790-03:00 DEBUG 11168 --- [contable] [http-nio-8080-exec-8] o.s.security.web.FilterChainProxy        : Secured GET /api/cuentas/recibeSaldo
2024-10-28T00:39:15.793-03:00  INFO 11168 --- [contable] [http-nio-8080-exec-8] c.s.c.controladores.CuentaControlador    : Solicitud recibida para listar cuentas que reciben saldo.
2024-10-28T00:39:15.901-03:00  INFO 11168 --- [contable] [http-nio-8080-exec-8] c.s.c.controladores.CuentaControlador    : Devolviendo 3 cuentas que reciben saldo.
2024-10-28T00:39:15.907-03:00 DEBUG 11168 --- [contable] [http-nio-8080-exec-1] o.s.security.web.FilterChainProxy        : Securing GET /api/cuentas/recibeSaldo
2024-10-28T00:39:15.909-03:00 DEBUG 11168 --- [contable] [http-nio-8080-exec-1] com.sa.contable.configuracion.JwtUtil    : Obteniendo usuario del token.
2024-10-28T00:39:15.914-03:00  INFO 11168 --- [contable] [http-nio-8080-exec-1] com.sa.contable.configuracion.JwtUtil    : Usuario obtenido del token: admin
2024-10-28T00:39:15.919-03:00 DEBUG 11168 --- [contable] [http-nio-8080-exec-1] com.sa.contable.configuracion.JwtUtil    : Validando token.
2024-10-28T00:39:15.923-03:00  INFO 11168 --- [contable] [http-nio-8080-exec-1] com.sa.contable.configuracion.JwtUtil    : El token es válido.
2024-10-28T00:39:15.924-03:00 DEBUG 11168 --- [contable] [http-nio-8080-exec-1] com.sa.contable.configuracion.JwtUtil    : Obteniendo rol del token.
2024-10-28T00:39:15.926-03:00  INFO 11168 --- [contable] [http-nio-8080-exec-1] com.sa.contable.configuracion.JwtUtil    : Rol obtenido del token: ROLE_ADMINISTRADOR
2024-10-28T00:39:15.929-03:00 DEBUG 11168 --- [contable] [http-nio-8080-exec-1] o.s.security.web.FilterChainProxy        : Secured GET /api/cuentas/recibeSaldo
2024-10-28T00:39:15.931-03:00  INFO 11168 --- [contable] [http-nio-8080-exec-1] c.s.c.controladores.CuentaControlador    : Solicitud recibida para listar cuentas que reciben saldo.
2024-10-28T00:39:16.013-03:00  INFO 11168 --- [contable] [http-nio-8080-exec-1] c.s.c.controladores.CuentaControlador    : Devolviendo 3 cuentas que reciben saldo.
2024-10-28T00:39:16.119-03:00 DEBUG 11168 --- [contable] [http-nio-8080-exec-10] o.s.security.web.FilterChainProxy        : Securing GET /api/asientos/listar?fechaInicio=2024-09-28&fechaFin=2024-10-28&page=0&size=5
2024-10-28T00:39:16.121-03:00 DEBUG 11168 --- [contable] [http-nio-8080-exec-5] o.s.security.web.FilterChainProxy        : Securing OPTIONS /api/asientos/listar?fechaInicio=&fechaFin=&page=0&size=5
2024-10-28T00:39:16.123-03:00 DEBUG 11168 --- [contable] [http-nio-8080-exec-10] com.sa.contable.configuracion.JwtUtil    : Obteniendo usuario del token.
2024-10-28T00:39:16.124-03:00 DEBUG 11168 --- [contable] [http-nio-8080-exec-4] o.s.security.web.FilterChainProxy        : Securing OPTIONS /api/asientos/listar?fechaInicio=&fechaFin=&page=0&size=5
2024-10-28T00:39:16.125-03:00  INFO 11168 --- [contable] [http-nio-8080-exec-10] com.sa.contable.configuracion.JwtUtil    : Usuario obtenido del token: admin
2024-10-28T00:39:16.126-03:00 DEBUG 11168 --- [contable] [http-nio-8080-exec-10] com.sa.contable.configuracion.JwtUtil    : Validando token.
2024-10-28T00:39:16.131-03:00  INFO 11168 --- [contable] [http-nio-8080-exec-10] com.sa.contable.configuracion.JwtUtil    : El token es válido.
2024-10-28T00:39:16.131-03:00 DEBUG 11168 --- [contable] [http-nio-8080-exec-10] com.sa.contable.configuracion.JwtUtil    : Obteniendo rol del token.
2024-10-28T00:39:16.134-03:00  INFO 11168 --- [contable] [http-nio-8080-exec-10] com.sa.contable.configuracion.JwtUtil    : Rol obtenido del token: ROLE_ADMINISTRADOR
2024-10-28T00:39:16.134-03:00 DEBUG 11168 --- [contable] [http-nio-8080-exec-7] o.s.security.web.FilterChainProxy        : Securing GET /api/asientos/listar?fechaInicio=&fechaFin=&page=0&size=5
2024-10-28T00:39:16.136-03:00 DEBUG 11168 --- [contable] [http-nio-8080-exec-10] o.s.security.web.FilterChainProxy        : Secured GET /api/asientos/listar?fechaInicio=2024-09-28&fechaFin=2024-10-28&page=0&size=5
2024-10-28T00:39:16.136-03:00 DEBUG 11168 --- [contable] [http-nio-8080-exec-7] com.sa.contable.configuracion.JwtUtil    : Obteniendo usuario del token.
2024-10-28T00:39:16.139-03:00  INFO 11168 --- [contable] [http-nio-8080-exec-7] com.sa.contable.configuracion.JwtUtil    : Usuario obtenido del token: admin
2024-10-28T00:39:16.139-03:00 DEBUG 11168 --- [contable] [http-nio-8080-exec-7] com.sa.contable.configuracion.JwtUtil    : Validando token.
2024-10-28T00:39:16.141-03:00  INFO 11168 --- [contable] [http-nio-8080-exec-7] com.sa.contable.configuracion.JwtUtil    : El token es válido.
2024-10-28T00:39:16.142-03:00 DEBUG 11168 --- [contable] [http-nio-8080-exec-7] com.sa.contable.configuracion.JwtUtil    : Obteniendo rol del token.
2024-10-28T00:39:16.144-03:00  INFO 11168 --- [contable] [http-nio-8080-exec-7] com.sa.contable.configuracion.JwtUtil    : Rol obtenido del token: ROLE_ADMINISTRADOR
2024-10-28T00:39:16.145-03:00 DEBUG 11168 --- [contable] [http-nio-8080-exec-7] o.s.security.web.FilterChainProxy        : Secured GET /api/asientos/listar?fechaInicio=&fechaFin=&page=0&size=5
2024-10-28T00:39:16.180-03:00 DEBUG 11168 --- [contable] [http-nio-8080-exec-2] o.s.security.web.FilterChainProxy        : Securing GET /api/asientos/listar?fechaInicio=&fechaFin=&page=0&size=5
2024-10-28T00:39:16.182-03:00 DEBUG 11168 --- [contable] [http-nio-8080-exec-2] com.sa.contable.configuracion.JwtUtil    : Obteniendo usuario del token.
2024-10-28T00:39:16.184-03:00  INFO 11168 --- [contable] [http-nio-8080-exec-2] com.sa.contable.configuracion.JwtUtil    : Usuario obtenido del token: admin
2024-10-28T00:39:16.186-03:00 DEBUG 11168 --- [contable] [http-nio-8080-exec-2] com.sa.contable.configuracion.JwtUtil    : Validando token.
2024-10-28T00:39:16.188-03:00  INFO 11168 --- [contable] [http-nio-8080-exec-2] com.sa.contable.configuracion.JwtUtil    : El token es válido.
2024-10-28T00:39:16.189-03:00 DEBUG 11168 --- [contable] [http-nio-8080-exec-2] com.sa.contable.configuracion.JwtUtil    : Obteniendo rol del token.
2024-10-28T00:39:16.191-03:00  INFO 11168 --- [contable] [http-nio-8080-exec-2] com.sa.contable.configuracion.JwtUtil    : Rol obtenido del token: ROLE_ADMINISTRADOR
2024-10-28T00:39:16.192-03:00 DEBUG 11168 --- [contable] [http-nio-8080-exec-2] o.s.security.web.FilterChainProxy        : Secured GET /api/asientos/listar?fechaInicio=&fechaFin=&page=0&size=5
2024-10-28T00:40:32.158-03:00  INFO 11168 --- [contable] [SpringApplicationShutdownHook] j.LocalContainerEntityManagerFactoryBean : Closing JPA EntityManagerFactory for persistence unit 'default'
2024-10-28T00:40:32.165-03:00  INFO 11168 --- [contable] [SpringApplicationShutdownHook] com.zaxxer.hikari.HikariDataSource       : HikariPool-1 - Shutdown initiated...
2024-10-28T00:40:32.194-03:00  INFO 11168 --- [contable] [SpringApplicationShutdownHook] com.zaxxer.hikari.HikariDataSource       : HikariPool-1 - Shutdown completed.
2024-10-28T00:40:57.023-03:00  INFO 21516 --- [contable] [main] com.sa.contable.ContableApplication      : Starting ContableApplication using Java 21.0.4 with PID 21516 (C:\Users\cuent\OneDrive\Documentos\GitHub\Sistema-Contable-SA\target\classes started by Rama in C:\Users\cuent\OneDrive\Documentos\GitHub\Sistema-Contable-SA)
2024-10-28T00:40:57.031-03:00 DEBUG 21516 --- [contable] [main] com.sa.contable.ContableApplication      : Running with Spring Boot v3.3.4, Spring v6.1.13
2024-10-28T00:40:57.035-03:00  INFO 21516 --- [contable] [main] com.sa.contable.ContableApplication      : No active profile set, falling back to 1 default profile: "default"
2024-10-28T00:41:07.109-03:00  INFO 21516 --- [contable] [main] .s.d.r.c.RepositoryConfigurationDelegate : Bootstrapping Spring Data JPA repositories in DEFAULT mode.
2024-10-28T00:41:07.652-03:00  INFO 21516 --- [contable] [main] .s.d.r.c.RepositoryConfigurationDelegate : Finished Spring Data repository scanning in 470 ms. Found 5 JPA repository interfaces.
2024-10-28T00:41:14.481-03:00  INFO 21516 --- [contable] [main] o.s.b.w.embedded.tomcat.TomcatWebServer  : Tomcat initialized with port 8080 (http)
2024-10-28T00:41:14.741-03:00  INFO 21516 --- [contable] [main] o.apache.catalina.core.StandardService   : Starting service [Tomcat]
2024-10-28T00:41:14.743-03:00  INFO 21516 --- [contable] [main] o.apache.catalina.core.StandardEngine    : Starting Servlet engine: [Apache Tomcat/10.1.30]
2024-10-28T00:41:15.463-03:00  INFO 21516 --- [contable] [main] o.a.c.c.C.[Tomcat].[localhost].[/]       : Initializing Spring embedded WebApplicationContext
2024-10-28T00:41:15.467-03:00  INFO 21516 --- [contable] [main] w.s.c.ServletWebServerApplicationContext : Root WebApplicationContext: initialization completed in 18151 ms
2024-10-28T00:41:15.947-03:00  INFO 21516 --- [contable] [main] com.sa.contable.configuracion.JwtUtil    : JwtUtil inicializado correctamente.
2024-10-28T00:41:17.653-03:00 DEBUG 21516 --- [contable] [main] c.s.c.c.JwtAuthenticationFilter          : Filter 'jwtAuthenticationFilter' configured for use
2024-10-28T00:41:18.371-03:00  INFO 21516 --- [contable] [main] o.hibernate.jpa.internal.util.LogHelper  : HHH000204: Processing PersistenceUnitInfo [name: default]
2024-10-28T00:41:18.990-03:00  INFO 21516 --- [contable] [main] org.hibernate.Version                    : HHH000412: Hibernate ORM core version 6.5.3.Final
2024-10-28T00:41:19.247-03:00  INFO 21516 --- [contable] [main] o.h.c.internal.RegionFactoryInitiator    : HHH000026: Second-level cache disabled
2024-10-28T00:41:20.904-03:00  INFO 21516 --- [contable] [main] o.s.o.j.p.SpringPersistenceUnitInfo      : No LoadTimeWeaver setup: ignoring JPA class transformer
2024-10-28T00:41:21.096-03:00  INFO 21516 --- [contable] [main] com.zaxxer.hikari.HikariDataSource       : HikariPool-1 - Starting...
2024-10-28T00:41:22.061-03:00  INFO 21516 --- [contable] [main] com.zaxxer.hikari.pool.HikariPool        : HikariPool-1 - Added connection org.postgresql.jdbc.PgConnection@27fc0217
2024-10-28T00:41:22.064-03:00  INFO 21516 --- [contable] [main] com.zaxxer.hikari.HikariDataSource       : HikariPool-1 - Start completed.
2024-10-28T00:41:25.614-03:00  INFO 21516 --- [contable] [main] o.h.e.t.j.p.i.JtaPlatformInitiator       : HHH000489: No JTA platform available (set 'hibernate.transaction.jta.platform' to enable JTA platform integration)
2024-10-28T00:41:25.828-03:00  INFO 21516 --- [contable] [main] j.LocalContainerEntityManagerFactoryBean : Initialized JPA EntityManagerFactory for persistence unit 'default'
2024-10-28T00:41:26.839-03:00  INFO 21516 --- [contable] [main] o.s.d.j.r.query.QueryEnhancerFactory     : Hibernate is in classpath; If applicable, HQL parser will be used.
2024-10-28T00:41:28.803-03:00  WARN 21516 --- [contable] [main] .s.s.UserDetailsServiceAutoConfiguration : 

Using generated security password: 085ae74d-dd47-4353-a8d0-e6eee3ae6a92

This generated password is for development use only. Your security configuration must be updated before running your application in production.

2024-10-28T00:41:28.870-03:00  INFO 21516 --- [contable] [main] r$InitializeUserDetailsManagerConfigurer : Global AuthenticationManager configured with UserDetailsService bean with name inMemoryUserDetailsManager
2024-10-28T00:41:29.503-03:00  INFO 21516 --- [contable] [main] o.s.b.a.w.s.WelcomePageHandlerMapping    : Adding welcome page: ServletContext resource [/index.html]
2024-10-28T00:41:30.537-03:00  INFO 21516 --- [contable] [main] o.s.b.a.e.web.EndpointLinksResolver      : Exposing 1 endpoint beneath base path '/actuator'
2024-10-28T00:41:30.736-03:00 DEBUG 21516 --- [contable] [main] o.s.s.web.DefaultSecurityFilterChain     : Will secure any request with filters: DisableEncodeUrlFilter, WebAsyncManagerIntegrationFilter, SecurityContextHolderFilter, HeaderWriterFilter, CorsFilter, LogoutFilter, JwtAuthenticationFilter, RequestCacheAwareFilter, SecurityContextHolderAwareRequestFilter, AnonymousAuthenticationFilter, ExceptionTranslationFilter, AuthorizationFilter
2024-10-28T00:41:31.890-03:00  INFO 21516 --- [contable] [main] o.s.b.w.embedded.tomcat.TomcatWebServer  : Tomcat started on port 8080 (http) with context path '/'
2024-10-28T00:41:31.910-03:00  INFO 21516 --- [contable] [main] com.sa.contable.ContableApplication      : Started ContableApplication in 38.48 seconds (process running for 40.199)
2024-10-28T00:41:49.756-03:00  INFO 21516 --- [contable] [http-nio-8080-exec-3] o.a.c.c.C.[Tomcat].[localhost].[/]       : Initializing Spring DispatcherServlet 'dispatcherServlet'
2024-10-28T00:41:49.758-03:00  INFO 21516 --- [contable] [http-nio-8080-exec-3] o.s.web.servlet.DispatcherServlet        : Initializing Servlet 'dispatcherServlet'
2024-10-28T00:41:49.762-03:00  INFO 21516 --- [contable] [http-nio-8080-exec-3] o.s.web.servlet.DispatcherServlet        : Completed initialization in 2 ms
2024-10-28T00:41:49.826-03:00 DEBUG 21516 --- [contable] [http-nio-8080-exec-4] o.s.security.web.FilterChainProxy        : Securing OPTIONS /api/asientos/listar?fechaInicio=&fechaFin=&page=0&size=5
2024-10-28T00:41:49.826-03:00 DEBUG 21516 --- [contable] [http-nio-8080-exec-5] o.s.security.web.FilterChainProxy        : Securing OPTIONS /api/asientos/listar?fechaInicio=2024-09-28&fechaFin=2024-10-28&page=0&size=5
2024-10-28T00:41:49.827-03:00 DEBUG 21516 --- [contable] [http-nio-8080-exec-1] o.s.security.web.FilterChainProxy        : Securing OPTIONS /api/cuentas/recibeSaldo
2024-10-28T00:41:49.826-03:00 DEBUG 21516 --- [contable] [http-nio-8080-exec-3] o.s.security.web.FilterChainProxy        : Securing OPTIONS /api/asientos/listar?fechaInicio=&fechaFin=&page=0&size=5
2024-10-28T00:41:49.827-03:00 DEBUG 21516 --- [contable] [http-nio-8080-exec-2] o.s.security.web.FilterChainProxy        : Securing OPTIONS /api/cuentas/recibeSaldo
2024-10-28T00:41:49.937-03:00 DEBUG 21516 --- [contable] [http-nio-8080-exec-6] o.s.security.web.FilterChainProxy        : Securing GET /api/asientos/listar?fechaInicio=&fechaFin=&page=0&size=5
2024-10-28T00:41:49.937-03:00 DEBUG 21516 --- [contable] [http-nio-8080-exec-7] o.s.security.web.FilterChainProxy        : Securing GET /api/cuentas/recibeSaldo
2024-10-28T00:41:49.937-03:00 DEBUG 21516 --- [contable] [http-nio-8080-exec-8] o.s.security.web.FilterChainProxy        : Securing GET /api/asientos/listar?fechaInicio=2024-09-28&fechaFin=2024-10-28&page=0&size=5
2024-10-28T00:41:49.945-03:00 DEBUG 21516 --- [contable] [http-nio-8080-exec-8] com.sa.contable.configuracion.JwtUtil    : Obteniendo usuario del token.
2024-10-28T00:41:49.945-03:00 DEBUG 21516 --- [contable] [http-nio-8080-exec-7] com.sa.contable.configuracion.JwtUtil    : Obteniendo usuario del token.
2024-10-28T00:41:49.946-03:00 DEBUG 21516 --- [contable] [http-nio-8080-exec-6] com.sa.contable.configuracion.JwtUtil    : Obteniendo usuario del token.
2024-10-28T00:41:50.110-03:00  INFO 21516 --- [contable] [http-nio-8080-exec-7] com.sa.contable.configuracion.JwtUtil    : Usuario obtenido del token: admin
2024-10-28T00:41:50.110-03:00  INFO 21516 --- [contable] [http-nio-8080-exec-6] com.sa.contable.configuracion.JwtUtil    : Usuario obtenido del token: admin
2024-10-28T00:41:50.110-03:00  INFO 21516 --- [contable] [http-nio-8080-exec-8] com.sa.contable.configuracion.JwtUtil    : Usuario obtenido del token: admin
2024-10-28T00:41:50.112-03:00 DEBUG 21516 --- [contable] [http-nio-8080-exec-7] com.sa.contable.configuracion.JwtUtil    : Validando token.
2024-10-28T00:41:50.112-03:00 DEBUG 21516 --- [contable] [http-nio-8080-exec-8] com.sa.contable.configuracion.JwtUtil    : Validando token.
2024-10-28T00:41:50.112-03:00 DEBUG 21516 --- [contable] [http-nio-8080-exec-6] com.sa.contable.configuracion.JwtUtil    : Validando token.
2024-10-28T00:41:50.116-03:00  INFO 21516 --- [contable] [http-nio-8080-exec-6] com.sa.contable.configuracion.JwtUtil    : El token es válido.
2024-10-28T00:41:50.116-03:00  INFO 21516 --- [contable] [http-nio-8080-exec-8] com.sa.contable.configuracion.JwtUtil    : El token es válido.
2024-10-28T00:41:50.116-03:00  INFO 21516 --- [contable] [http-nio-8080-exec-7] com.sa.contable.configuracion.JwtUtil    : El token es válido.
2024-10-28T00:41:50.119-03:00 DEBUG 21516 --- [contable] [http-nio-8080-exec-6] com.sa.contable.configuracion.JwtUtil    : Obteniendo rol del token.
2024-10-28T00:41:50.119-03:00 DEBUG 21516 --- [contable] [http-nio-8080-exec-7] com.sa.contable.configuracion.JwtUtil    : Obteniendo rol del token.
2024-10-28T00:41:50.119-03:00 DEBUG 21516 --- [contable] [http-nio-8080-exec-8] com.sa.contable.configuracion.JwtUtil    : Obteniendo rol del token.
2024-10-28T00:41:50.122-03:00  INFO 21516 --- [contable] [http-nio-8080-exec-6] com.sa.contable.configuracion.JwtUtil    : Rol obtenido del token: ROLE_ADMINISTRADOR
2024-10-28T00:41:50.122-03:00  INFO 21516 --- [contable] [http-nio-8080-exec-8] com.sa.contable.configuracion.JwtUtil    : Rol obtenido del token: ROLE_ADMINISTRADOR
2024-10-28T00:41:50.122-03:00  INFO 21516 --- [contable] [http-nio-8080-exec-7] com.sa.contable.configuracion.JwtUtil    : Rol obtenido del token: ROLE_ADMINISTRADOR
2024-10-28T00:41:50.139-03:00 DEBUG 21516 --- [contable] [http-nio-8080-exec-8] o.s.security.web.FilterChainProxy        : Secured GET /api/asientos/listar?fechaInicio=2024-09-28&fechaFin=2024-10-28&page=0&size=5
2024-10-28T00:41:50.139-03:00 DEBUG 21516 --- [contable] [http-nio-8080-exec-6] o.s.security.web.FilterChainProxy        : Secured GET /api/asientos/listar?fechaInicio=&fechaFin=&page=0&size=5
2024-10-28T00:41:50.139-03:00 DEBUG 21516 --- [contable] [http-nio-8080-exec-7] o.s.security.web.FilterChainProxy        : Secured GET /api/cuentas/recibeSaldo
2024-10-28T00:41:50.168-03:00  INFO 21516 --- [contable] [http-nio-8080-exec-7] c.s.c.controladores.CuentaControlador    : Solicitud recibida para listar cuentas que reciben saldo.
2024-10-28T00:41:50.627-03:00  INFO 21516 --- [contable] [http-nio-8080-exec-7] c.s.c.controladores.CuentaControlador    : Devolviendo 3 cuentas que reciben saldo.
2024-10-28T00:41:50.734-03:00 DEBUG 21516 --- [contable] [http-nio-8080-exec-10] o.s.security.web.FilterChainProxy        : Securing GET /api/cuentas/recibeSaldo
2024-10-28T00:41:50.734-03:00 DEBUG 21516 --- [contable] [http-nio-8080-exec-9] o.s.security.web.FilterChainProxy        : Securing GET /api/asientos/listar?fechaInicio=&fechaFin=&page=0&size=5
2024-10-28T00:41:50.742-03:00 DEBUG 21516 --- [contable] [http-nio-8080-exec-9] com.sa.contable.configuracion.JwtUtil    : Obteniendo usuario del token.
2024-10-28T00:41:50.742-03:00 DEBUG 21516 --- [contable] [http-nio-8080-exec-10] com.sa.contable.configuracion.JwtUtil    : Obteniendo usuario del token.
2024-10-28T00:41:50.747-03:00  INFO 21516 --- [contable] [http-nio-8080-exec-10] com.sa.contable.configuracion.JwtUtil    : Usuario obtenido del token: admin
2024-10-28T00:41:50.747-03:00  INFO 21516 --- [contable] [http-nio-8080-exec-9] com.sa.contable.configuracion.JwtUtil    : Usuario obtenido del token: admin
2024-10-28T00:41:50.749-03:00 DEBUG 21516 --- [contable] [http-nio-8080-exec-10] com.sa.contable.configuracion.JwtUtil    : Validando token.
2024-10-28T00:41:50.749-03:00 DEBUG 21516 --- [contable] [http-nio-8080-exec-9] com.sa.contable.configuracion.JwtUtil    : Validando token.
2024-10-28T00:41:50.752-03:00  INFO 21516 --- [contable] [http-nio-8080-exec-10] com.sa.contable.configuracion.JwtUtil    : El token es válido.
2024-10-28T00:41:50.752-03:00  INFO 21516 --- [contable] [http-nio-8080-exec-9] com.sa.contable.configuracion.JwtUtil    : El token es válido.
2024-10-28T00:41:50.755-03:00 DEBUG 21516 --- [contable] [http-nio-8080-exec-10] com.sa.contable.configuracion.JwtUtil    : Obteniendo rol del token.
2024-10-28T00:41:50.755-03:00 DEBUG 21516 --- [contable] [http-nio-8080-exec-9] com.sa.contable.configuracion.JwtUtil    : Obteniendo rol del token.
2024-10-28T00:41:50.760-03:00  INFO 21516 --- [contable] [http-nio-8080-exec-9] com.sa.contable.configuracion.JwtUtil    : Rol obtenido del token: ROLE_ADMINISTRADOR
2024-10-28T00:41:50.760-03:00  INFO 21516 --- [contable] [http-nio-8080-exec-10] com.sa.contable.configuracion.JwtUtil    : Rol obtenido del token: ROLE_ADMINISTRADOR
2024-10-28T00:41:50.762-03:00 DEBUG 21516 --- [contable] [http-nio-8080-exec-9] o.s.security.web.FilterChainProxy        : Secured GET /api/asientos/listar?fechaInicio=&fechaFin=&page=0&size=5
2024-10-28T00:41:50.764-03:00 DEBUG 21516 --- [contable] [http-nio-8080-exec-10] o.s.security.web.FilterChainProxy        : Secured GET /api/cuentas/recibeSaldo
2024-10-28T00:41:50.767-03:00  INFO 21516 --- [contable] [http-nio-8080-exec-10] c.s.c.controladores.CuentaControlador    : Solicitud recibida para listar cuentas que reciben saldo.
2024-10-28T00:41:50.891-03:00  INFO 21516 --- [contable] [http-nio-8080-exec-10] c.s.c.controladores.CuentaControlador    : Devolviendo 3 cuentas que reciben saldo.
2024-10-28T00:41:52.756-03:00 DEBUG 21516 --- [contable] [http-nio-8080-exec-5] o.s.security.web.FilterChainProxy        : Securing OPTIONS /api/asientos/listar?fechaInicio=2024-09-28&fechaFin=2024-10-28&page=1&size=5
2024-10-28T00:41:52.770-03:00 DEBUG 21516 --- [contable] [http-nio-8080-exec-4] o.s.security.web.FilterChainProxy        : Securing GET /api/asientos/listar?fechaInicio=2024-09-28&fechaFin=2024-10-28&page=1&size=5
2024-10-28T00:41:52.772-03:00 DEBUG 21516 --- [contable] [http-nio-8080-exec-4] com.sa.contable.configuracion.JwtUtil    : Obteniendo usuario del token.
2024-10-28T00:41:52.774-03:00  INFO 21516 --- [contable] [http-nio-8080-exec-4] com.sa.contable.configuracion.JwtUtil    : Usuario obtenido del token: admin
2024-10-28T00:41:52.776-03:00 DEBUG 21516 --- [contable] [http-nio-8080-exec-4] com.sa.contable.configuracion.JwtUtil    : Validando token.
2024-10-28T00:41:52.780-03:00  INFO 21516 --- [contable] [http-nio-8080-exec-4] com.sa.contable.configuracion.JwtUtil    : El token es válido.
2024-10-28T00:41:52.780-03:00 DEBUG 21516 --- [contable] [http-nio-8080-exec-4] com.sa.contable.configuracion.JwtUtil    : Obteniendo rol del token.
2024-10-28T00:41:52.784-03:00  INFO 21516 --- [contable] [http-nio-8080-exec-4] com.sa.contable.configuracion.JwtUtil    : Rol obtenido del token: ROLE_ADMINISTRADOR
2024-10-28T00:41:52.786-03:00 DEBUG 21516 --- [contable] [http-nio-8080-exec-4] o.s.security.web.FilterChainProxy        : Secured GET /api/asientos/listar?fechaInicio=2024-09-28&fechaFin=2024-10-28&page=1&size=5
2024-10-28T00:41:53.981-03:00 DEBUG 21516 --- [contable] [http-nio-8080-exec-3] o.s.security.web.FilterChainProxy        : Securing OPTIONS /api/asientos/listar?fechaInicio=2024-09-28&fechaFin=2024-10-28&page=2&size=5
2024-10-28T00:41:53.993-03:00 DEBUG 21516 --- [contable] [http-nio-8080-exec-2] o.s.security.web.FilterChainProxy        : Securing GET /api/asientos/listar?fechaInicio=2024-09-28&fechaFin=2024-10-28&page=2&size=5
2024-10-28T00:41:53.995-03:00 DEBUG 21516 --- [contable] [http-nio-8080-exec-2] com.sa.contable.configuracion.JwtUtil    : Obteniendo usuario del token.
2024-10-28T00:41:53.997-03:00  INFO 21516 --- [contable] [http-nio-8080-exec-2] com.sa.contable.configuracion.JwtUtil    : Usuario obtenido del token: admin
2024-10-28T00:41:53.998-03:00 DEBUG 21516 --- [contable] [http-nio-8080-exec-2] com.sa.contable.configuracion.JwtUtil    : Validando token.
2024-10-28T00:41:54.000-03:00  INFO 21516 --- [contable] [http-nio-8080-exec-2] com.sa.contable.configuracion.JwtUtil    : El token es válido.
2024-10-28T00:41:54.002-03:00 DEBUG 21516 --- [contable] [http-nio-8080-exec-2] com.sa.contable.configuracion.JwtUtil    : Obteniendo rol del token.
2024-10-28T00:41:54.007-03:00  INFO 21516 --- [contable] [http-nio-8080-exec-2] com.sa.contable.configuracion.JwtUtil    : Rol obtenido del token: ROLE_ADMINISTRADOR
2024-10-28T00:41:54.008-03:00 DEBUG 21516 --- [contable] [http-nio-8080-exec-2] o.s.security.web.FilterChainProxy        : Secured GET /api/asientos/listar?fechaInicio=2024-09-28&fechaFin=2024-10-28&page=2&size=5
2024-10-28T00:42:12.668-03:00 DEBUG 21516 --- [contable] [http-nio-8080-exec-1] o.s.security.web.FilterChainProxy        : Securing OPTIONS /api/asientos/listar?fechaInicio=2024-09-28&fechaFin=2024-10-28&page=1&size=5
2024-10-28T00:42:12.683-03:00 DEBUG 21516 --- [contable] [http-nio-8080-exec-8] o.s.security.web.FilterChainProxy        : Securing GET /api/asientos/listar?fechaInicio=2024-09-28&fechaFin=2024-10-28&page=1&size=5
2024-10-28T00:42:12.685-03:00 DEBUG 21516 --- [contable] [http-nio-8080-exec-8] com.sa.contable.configuracion.JwtUtil    : Obteniendo usuario del token.
2024-10-28T00:42:12.697-03:00  INFO 21516 --- [contable] [http-nio-8080-exec-8] com.sa.contable.configuracion.JwtUtil    : Usuario obtenido del token: admin
2024-10-28T00:42:12.713-03:00 DEBUG 21516 --- [contable] [http-nio-8080-exec-8] com.sa.contable.configuracion.JwtUtil    : Validando token.
2024-10-28T00:42:12.717-03:00  INFO 21516 --- [contable] [http-nio-8080-exec-8] com.sa.contable.configuracion.JwtUtil    : El token es válido.
2024-10-28T00:42:12.718-03:00 DEBUG 21516 --- [contable] [http-nio-8080-exec-8] com.sa.contable.configuracion.JwtUtil    : Obteniendo rol del token.
2024-10-28T00:42:12.721-03:00  INFO 21516 --- [contable] [http-nio-8080-exec-8] com.sa.contable.configuracion.JwtUtil    : Rol obtenido del token: ROLE_ADMINISTRADOR
2024-10-28T00:42:12.722-03:00 DEBUG 21516 --- [contable] [http-nio-8080-exec-8] o.s.security.web.FilterChainProxy        : Secured GET /api/asientos/listar?fechaInicio=2024-09-28&fechaFin=2024-10-28&page=1&size=5
